2009-07-30 15:59:31.917 Tests[40300:10b] GHMockNSURLConnectionPathTest/testMock <GHTest: 0x50d680>: headers=(null)
2009-07-30 15:59:37.320 Tests[40300:10b] GHTestException/testException <GHTest: 0x50eaa0>: Will raise an exception
2009-07-30 15:59:37.350 Tests[40300:10b] Exception: Some reason for the exception
#0  0x94e3c0ab _NSExceptionSetRubyToken()  (/System/Library/Frameworks/CoreFoundation.framework/Versions/A/CoreFoundation)
#1  0x90f66e3b objc_exception_throw()  (/usr/lib/libobjc.A.dylib)
#2  0x94e3be8b +[NSException raise:format:arguments:]  (/System/Library/Frameworks/CoreFoundation.framework/Versions/A/CoreFoundation)
#3  0x94e3beca +[NSException raise:format:]  (/System/Library/Frameworks/CoreFoundation.framework/Versions/A/CoreFoundation)
#4  0x007429 +[GHTestException testException]  (/Users/gabe/Projects/gh-unit/Project-IPhone/build/Debug-iphonesimulator/Tests.app/Tests)
#5  0x00efee +[GHTesting runTest:selector:withObject:exception:interval:]  (/Users/gabe/Projects/gh-unit/Project-IPhone/build/Debug-iphonesimulator/Tests.app/Tests)
#6  0x00fe24 +[GHTest run]  (/Users/gabe/Projects/gh-unit/Project-IPhone/build/Debug-iphonesimulator/Tests.app/Tests)
#7  0x011a85 +[GHTestGroup _run:]  (/Users/gabe/Projects/gh-unit/Project-IPhone/build/Debug-iphonesimulator/Tests.app/Tests)
#8  0x011caa +[GHTestGroup run]  (/Users/gabe/Projects/gh-unit/Project-IPhone/build/Debug-iphonesimulator/Tests.app/Tests)
#9  0x011a85 +[GHTestGroup _run:]  (/Users/gabe/Projects/gh-unit/Project-IPhone/build/Debug-iphonesimulator/Tests.app/Tests)
#10 0x011caa +[GHTestGroup run]  (/Users/gabe/Projects/gh-unit/Project-IPhone/build/Debug-iphonesimulator/Tests.app/Tests)
#11 0x012d71 +[GHTestRunner runTests]  (/Users/gabe/Projects/gh-unit/Project-IPhone/build/Debug-iphonesimulator/Tests.app/Tests)
#12 0x012c60 +[GHTestRunner run]  (/Users/gabe/Projects/gh-unit/Project-IPhone/build/Debug-iphonesimulator/Tests.app/Tests)
#13 0x002cd9 start()  (/Users/gabe/Projects/gh-unit/Project-IPhone/build/Debug-iphonesimulator/Tests.app/Tests)
#14 0x002c06 start()  (/Users/gabe/Projects/gh-unit/Project-IPhone/build/Debug-iphonesimulator/Tests.app/Tests)
2009-07-30 15:59:37.360 Tests[40300:10b] Exception: Test failure
#0  0x94e3c0ab _NSExceptionSetRubyToken()  (/System/Library/Frameworks/CoreFoundation.framework/Versions/A/CoreFoundation)
#1  0x90f66e3b objc_exception_throw()  (/usr/lib/libobjc.A.dylib)
#2  0x94e3bbd1 +[NSException raise]  (/System/Library/Frameworks/CoreFoundation.framework/Versions/A/CoreFoundation)
#3  0x0101db +[GHTestCase failWithException:]  (/Users/gabe/Projects/gh-unit/Project-IPhone/build/Debug-iphonesimulator/Tests.app/Tests)
#4  0x00738c +[GHTestFail testFail]  (/Users/gabe/Projects/gh-unit/Project-IPhone/build/Debug-iphonesimulator/Tests.app/Tests)
#5  0x00efee +[GHTesting runTest:selector:withObject:exception:interval:]  (/Users/gabe/Projects/gh-unit/Project-IPhone/build/Debug-iphonesimulator/Tests.app/Tests)
#6  0x00fe24 +[GHTest run]  (/Users/gabe/Projects/gh-unit/Project-IPhone/build/Debug-iphonesimulator/Tests.app/Tests)
#7  0x011a85 +[GHTestGroup _run:]  (/Users/gabe/Projects/gh-unit/Project-IPhone/build/Debug-iphonesimulator/Tests.app/Tests)
#8  0x011caa +[GHTestGroup run]  (/Users/gabe/Projects/gh-unit/Project-IPhone/build/Debug-iphonesimulator/Tests.app/Tests)
#9  0x011a85 +[GHTestGroup _run:]  (/Users/gabe/Projects/gh-unit/Project-IPhone/build/Debug-iphonesimulator/Tests.app/Tests)
#10 0x011caa +[GHTestGroup run]  (/Users/gabe/Projects/gh-unit/Project-IPhone/build/Debug-iphonesimulator/Tests.app/Tests)
#11 0x012d71 +[GHTestRunner runTests]  (/Users/gabe/Projects/gh-unit/Project-IPhone/build/Debug-iphonesimulator/Tests.app/Tests)
#12 0x012c60 +[GHTestRunner run]  (/Users/gabe/Projects/gh-unit/Project-IPhone/build/Debug-iphonesimulator/Tests.app/Tests)
#13 0x002cd9 start()  (/Users/gabe/Projects/gh-unit/Project-IPhone/build/Debug-iphonesimulator/Tests.app/Tests)
#14 0x002c06 start()  (/Users/gabe/Projects/gh-unit/Project-IPhone/build/Debug-iphonesimulator/Tests.app/Tests)
2009-07-30 15:59:37.363 Tests[40300:10b] GHTestLogTest/testLog <GHTest: 0x50f040>: Line: 0
2009-07-30 15:59:37.404 Tests[40300:10b] GHTestLogTest/testLog <GHTest: 0x50f040>: Line: 1
2009-07-30 15:59:37.446 Tests[40300:10b] GHTestLogTest/testLog <GHTest: 0x50f040>: Line: 2
2009-07-30 15:59:37.489 Tests[40300:10b] GHTestLogTest/testLog <GHTest: 0x50f040>: Line: 3
2009-07-30 15:59:37.530 Tests[40300:10b] GHTestLogTest/testLog <GHTest: 0x50f040>: Line: 4
2009-07-30 15:59:37.572 Tests[40300:10b] GHTestLogTest/testLog <GHTest: 0x50f040>: Line: 5
2009-07-30 15:59:37.613 Tests[40300:10b] GHTestLogTest/testLog <GHTest: 0x50f040>: Line: 6
2009-07-30 15:59:37.654 Tests[40300:10b] GHTestLogTest/testLog <GHTest: 0x50f040>: Line: 7
2009-07-30 15:59:37.695 Tests[40300:10b] GHTestLogTest/testLog <GHTest: 0x50f040>: Line: 8
2009-07-30 15:59:37.737 Tests[40300:10b] GHTestLogTest/testLog <GHTest: 0x50f040>: Line: 9
2009-07-30 15:59:37.779 Tests[40300:10b] GHTestLogTest/testLog <GHTest: 0x50f040>: Line: 10
2009-07-30 15:59:37.820 Tests[40300:10b] GHTestLogTest/testLog <GHTest: 0x50f040>: Line: 11
2009-07-30 15:59:37.861 Tests[40300:10b] GHTestLogTest/testLog <GHTest: 0x50f040>: Line: 12
2009-07-30 15:59:37.902 Tests[40300:10b] GHTestLogTest/testLog <GHTest: 0x50f040>: Line: 13
2009-07-30 15:59:37.944 Tests[40300:10b] GHTestLogTest/testLog <GHTest: 0x50f040>: Line: 14
2009-07-30 15:59:37.985 Tests[40300:10b] GHTestLogTest/testLog <GHTest: 0x50f040>: Line: 15
2009-07-30 15:59:38.026 Tests[40300:10b] GHTestLogTest/testLog <GHTest: 0x50f040>: Line: 16
2009-07-30 15:59:38.068 Tests[40300:10b] GHTestLogTest/testLog <GHTest: 0x50f040>: Line: 17
2009-07-30 15:59:38.109 Tests[40300:10b] GHTestLogTest/testLog <GHTest: 0x50f040>: Line: 18
2009-07-30 15:59:38.151 Tests[40300:10b] GHTestLogTest/testLog <GHTest: 0x50f040>: Line: 19
2009-07-30 15:59:38.192 Tests[40300:10b] GHTestLogTest/testLog <GHTest: 0x50f040>: Line: 20
2009-07-30 15:59:38.234 Tests[40300:10b] GHTestLogTest/testLog <GHTest: 0x50f040>: Line: 21
2009-07-30 15:59:38.275 Tests[40300:10b] GHTestLogTest/testLog <GHTest: 0x50f040>: Line: 22
2009-07-30 15:59:38.316 Tests[40300:10b] GHTestLogTest/testLog <GHTest: 0x50f040>: Line: 23
2009-07-30 15:59:38.359 Tests[40300:10b] GHTestLogTest/testLog <GHTest: 0x50f040>: Line: 24
2009-07-30 15:59:38.400 Tests[40300:10b] GHTestLogTest/testLog <GHTest: 0x50f040>: Line: 25
2009-07-30 15:59:38.441 Tests[40300:10b] GHTestLogTest/testLog <GHTest: 0x50f040>: Line: 26
2009-07-30 15:59:38.482 Tests[40300:10b] GHTestLogTest/testLog <GHTest: 0x50f040>: Line: 27
2009-07-30 15:59:38.524 Tests[40300:10b] GHTestLogTest/testLog <GHTest: 0x50f040>: Line: 28
2009-07-30 15:59:38.566 Tests[40300:10b] GHTestLogTest/testLog <GHTest: 0x50f040>: Line: 29
2009-07-30 15:59:38.607 Tests[40300:10b] Using NSLog: 0
2009-07-30 15:59:38.649 Tests[40300:10b] Using NSLog: 1
2009-07-30 15:59:38.691 Tests[40300:10b] Using NSLog: 2
2009-07-30 15:59:38.733 Tests[40300:10b] Using NSLog: 3
2009-07-30 15:59:38.774 Tests[40300:10b] Using NSLog: 4
2009-07-30 15:59:38.815 Tests[40300:10b] Using NSLog: 5
2009-07-30 15:59:38.857 Tests[40300:10b] Using NSLog: 6
2009-07-30 15:59:38.898 Tests[40300:10b] Using NSLog: 7
2009-07-30 15:59:38.940 Tests[40300:10b] Using NSLog: 8
2009-07-30 15:59:38.981 Tests[40300:10b] Using NSLog: 9
2009-07-30 15:59:39.022 Tests[40300:10b] Using NSLog: 10
2009-07-30 15:59:39.063 Tests[40300:10b] Using NSLog: 11
2009-07-30 15:59:39.104 Tests[40300:10b] Using NSLog: 12
2009-07-30 15:59:39.146 Tests[40300:10b] Using NSLog: 13
2009-07-30 15:59:39.187 Tests[40300:10b] Using NSLog: 14
2009-07-30 15:59:39.228 Tests[40300:10b] Using NSLog: 15
2009-07-30 15:59:39.270 Tests[40300:10b] Using NSLog: 16
2009-07-30 15:59:39.311 Tests[40300:10b] Using NSLog: 17
2009-07-30 15:59:39.352 Tests[40300:10b] Using NSLog: 18
2009-07-30 15:59:39.393 Tests[40300:10b] Using NSLog: 19
2009-07-30 15:59:39.434 Tests[40300:10b] Using NSLog: 20
2009-07-30 15:59:39.475 Tests[40300:10b] Using NSLog: 21
2009-07-30 15:59:39.517 Tests[40300:10b] Using NSLog: 22
2009-07-30 15:59:39.558 Tests[40300:10b] Using NSLog: 23
2009-07-30 15:59:39.599 Tests[40300:10b] Using NSLog: 24
2009-07-30 15:59:39.640 Tests[40300:10b] Using NSLog: 25
2009-07-30 15:59:39.681 Tests[40300:10b] Using NSLog: 26
2009-07-30 15:59:39.722 Tests[40300:10b] Using NSLog: 27
2009-07-30 15:59:39.763 Tests[40300:10b] Using NSLog: 28
2009-07-30 15:59:39.805 Tests[40300:10b] Using NSLog: 29
2009-07-30 15:59:39.861 Tests[40300:10b] Exception: Type mismatch -- 
#0  0x94e3c0ab _NSExceptionSetRubyToken()  (/System/Library/Frameworks/CoreFoundation.framework/Versions/A/CoreFoundation)
#1  0x90f66e3b objc_exception_throw()  (/usr/lib/libobjc.A.dylib)
#2  0x94e3bbd1 +[NSException raise]  (/System/Library/Frameworks/CoreFoundation.framework/Versions/A/CoreFoundation)
#3  0x0101db +[GHTestCase failWithException:]  (/Users/gabe/Projects/gh-unit/Project-IPhone/build/Debug-iphonesimulator/Tests.app/Tests)
#4  0x0075ac +[GHTestMacrosTest testEquals]  (/Users/gabe/Projects/gh-unit/Project-IPhone/build/Debug-iphonesimulator/Tests.app/Tests)
#5  0x00efee +[GHTesting runTest:selector:withObject:exception:interval:]  (/Users/gabe/Projects/gh-unit/Project-IPhone/build/Debug-iphonesimulator/Tests.app/Tests)
#6  0x00fe24 +[GHTest run]  (/Users/gabe/Projects/gh-unit/Project-IPhone/build/Debug-iphonesimulator/Tests.app/Tests)
#7  0x011a85 +[GHTestGroup _run:]  (/Users/gabe/Projects/gh-unit/Project-IPhone/build/Debug-iphonesimulator/Tests.app/Tests)
#8  0x011caa +[GHTestGroup run]  (/Users/gabe/Projects/gh-unit/Project-IPhone/build/Debug-iphonesimulator/Tests.app/Tests)
#9  0x011a85 +[GHTestGroup _run:]  (/Users/gabe/Projects/gh-unit/Project-IPhone/build/Debug-iphonesimulator/Tests.app/Tests)
#10 0x011caa +[GHTestGroup run]  (/Users/gabe/Projects/gh-unit/Project-IPhone/build/Debug-iphonesimulator/Tests.app/Tests)
#11 0x012d71 +[GHTestRunner runTests]  (/Users/gabe/Projects/gh-unit/Project-IPhone/build/Debug-iphonesimulator/Tests.app/Tests)
#12 0x012c60 +[GHTestRunner run]  (/Users/gabe/Projects/gh-unit/Project-IPhone/build/Debug-iphonesimulator/Tests.app/Tests)
#13 0x002cd9 start()  (/Users/gabe/Projects/gh-unit/Project-IPhone/build/Debug-iphonesimulator/Tests.app/Tests)
#14 0x002c06 start()  (/Users/gabe/Projects/gh-unit/Project-IPhone/build/Debug-iphonesimulator/Tests.app/Tests)
2009-07-30 15:59:39.876 Tests[40300:10b] Exception: Test failure
#0  0x94e3c0ab _NSExceptionSetRubyToken()  (/System/Library/Frameworks/CoreFoundation.framework/Versions/A/CoreFoundation)
#1  0x90f66e3b objc_exception_throw()  (/usr/lib/libobjc.A.dylib)
#2  0x94e3bbd1 +[NSException raise]  (/System/Library/Frameworks/CoreFoundation.framework/Versions/A/CoreFoundation)
#3  0x0101db +[GHTestCase failWithException:]  (/Users/gabe/Projects/gh-unit/Project-IPhone/build/Debug-iphonesimulator/Tests.app/Tests)
#4  0x006fa3 +[GHTestOnMainThread testFail]  (/Users/gabe/Projects/gh-unit/Project-IPhone/build/Debug-iphonesimulator/Tests.app/Tests)
#5  0x00efee +[GHTesting runTest:selector:withObject:exception:interval:]  (/Users/gabe/Projects/gh-unit/Project-IPhone/build/Debug-iphonesimulator/Tests.app/Tests)
#6  0x00fe24 +[GHTest run]  (/Users/gabe/Projects/gh-unit/Project-IPhone/build/Debug-iphonesimulator/Tests.app/Tests)
#7  0x011a85 +[GHTestGroup _run:]  (/Users/gabe/Projects/gh-unit/Project-IPhone/build/Debug-iphonesimulator/Tests.app/Tests)
#8  0x9337f33b +[NSObject performSelector:onThread:withObject:waitUntilDone:modes:]  (/System/Library/Frameworks/Foundation.framework/Versions/C/Foundation)
#9  0x933d28f8 +[NSObject performSelectorOnMainThread:withObject:waitUntilDone:]  (/System/Library/Frameworks/Foundation.framework/Versions/C/Foundation)
#10 0x011c89 +[GHTestGroup run]  (/Users/gabe/Projects/gh-unit/Project-IPhone/build/Debug-iphonesimulator/Tests.app/Tests)
#11 0x011a85 +[GHTestGroup _run:]  (/Users/gabe/Projects/gh-unit/Project-IPhone/build/Debug-iphonesimulator/Tests.app/Tests)
#12 0x011caa +[GHTestGroup run]  (/Users/gabe/Projects/gh-unit/Project-IPhone/build/Debug-iphonesimulator/Tests.app/Tests)
#13 0x012d71 +[GHTestRunner runTests]  (/Users/gabe/Projects/gh-unit/Project-IPhone/build/Debug-iphonesimulator/Tests.app/Tests)
#14 0x012c60 +[GHTestRunner run]  (/Users/gabe/Projects/gh-unit/Project-IPhone/build/Debug-iphonesimulator/Tests.app/Tests)
#15 0x002cd9 start()  (/Users/gabe/Projects/gh-unit/Project-IPhone/build/Debug-iphonesimulator/Tests.app/Tests)
#16 0x002c06 start()  (/Users/gabe/Projects/gh-unit/Project-IPhone/build/Debug-iphonesimulator/Tests.app/Tests)
Tests(40300,0xa00bd720) malloc: stack logs deleted from /tmp/stack-logs.40300.Tests.uCDZ72
